#
# There is insufficient memory for the Java Runtime Environment to continue.
# Native memory allocation (mmap) failed to map 134217728 bytes for G1 virtual space
# Possible reasons:
#   The system is out of physical RAM or swap space
#   The process is running with CompressedOops enabled, and the Java Heap may be blocking the growth of the native heap
# Possible solutions:
#   Reduce memory load on the system
#   Increase physical memory or swap space
#   Check if swap backing store is full
#   Decrease Java heap size (-Xmx/-Xms)
#   Decrease number of Java threads
#   Decrease Java thread stack sizes (-Xss)
#   Set larger code cache with -XX:ReservedCodeCacheSize=
#   JVM is running with Unscaled Compressed Oops mode in which the Java heap is
#     placed in the first 4GB address space. The Java Heap base address is the
#     maximum limit for the native heap growth. Please use -XX:HeapBaseMinAddress
#     to set the Java Heap base and to place the Java Heap above 4GB virtual address.
# This output file may be truncated or incomplete.
#
#  Out of Memory Error (os_windows.cpp:3825), pid=6828, tid=4280
#
# JRE version:  (17.0.10) (build )
# Java VM: OpenJDK 64-Bit Server VM (17.0.10+0--11609105, mixed mode, sharing, tiered, compressed oops, compressed class ptrs, g1 gc, windows-amd64)
# No core dump will be written. Minidumps are not enabled by default on client versions of Windows
#

---------------  S U M M A R Y ------------

Command Line: 

Host: Intel(R) Core(TM) i5-7300U CPU @ 2.60GHz, 4 cores, 7G,  Windows 10 , 64 bit Build 19041 (10.0.19041.4597)
Time: Thu Aug  8 14:42:32 2024 India Standard Time elapsed time: 0.690042 seconds (0d 0h 0m 0s)

---------------  T H R E A D  ---------------

Current thread (0x000001d35274c100):  JavaThread "Unknown thread" [_thread_in_vm, id=4280, stack(0x0000005732900000,0x0000005732a00000)]

Stack: [0x0000005732900000,0x0000005732a00000]
Native frames: (J=compiled Java code, j=interpreted, Vv=VM code, C=native code)
V  [jvm.dll+0x688de9]
V  [jvm.dll+0x8423da]
V  [jvm.dll+0x84401e]
V  [jvm.dll+0x844683]
V  [jvm.dll+0x24be0f]
V  [jvm.dll+0x685bb9]
V  [jvm.dll+0x67a46a]
V  [jvm.dll+0x30cbab]
V  [jvm.dll+0x314056]
V  [jvm.dll+0x363dce]
V  [jvm.dll+0x363fff]
V  [jvm.dll+0x2e2978]
V  [jvm.dll+0x2e38e4]
V  [jvm.dll+0x812f71]
V  [jvm.dll+0x371c81]
V  [jvm.dll+0x7f1ac6]
V  [jvm.dll+0x3f58df]
V  [jvm.dll+0x3f7511]
C  [jli.dll+0x528f]
C  [ucrtbase.dll+0x21bb2]
C  [KERNEL32.DLL+0x17374]
C  [ntdll.dll+0x4cc91]


---------------  P R O C E S S  ---------------

Threads class SMR info:
_java_thread_list=0x00007ffe4de2ef58, length=0, elements={
}

Java Threads: ( => current thread )

Other Threads:
  0x000001d3527a6840 GCTaskThread "GC Thread#0" [stack: 0x0000005732a00000,0x0000005732b00000] [id=9208]
  0x000001d3527b73d0 ConcurrentGCThread "G1 Main Marker" [stack: 0x0000005732b00000,0x0000005732c00000] [id=7896]
  0x000001d3527b7df0 ConcurrentGCThread "G1 Conc#0" [stack: 0x0000005732c00000,0x0000005732d00000] [id=1332]

[error occurred during error reporting (printing all threads), id 0xc0000005, EXCEPTION_ACCESS_VIOLATION (0xc0000005) at pc=0x00007ffe4d5e3547]

VM state: not at safepoint (not fully initialized)

VM Mutex/Monitor currently owned by a thread:  ([mutex/lock_event])
[0x000001d352747ba0] Heap_lock - owner thread: 0x000001d35274c100

Heap address: 0x0000000081e00000, size: 2018 MB, Compressed Oops mode: 32-bit

CDS archive(s) mapped at: [0x0000000000000000-0x0000000000000000-0x0000000000000000), size 0, SharedBaseAddress: 0x0000000800000000, ArchiveRelocationMode: 1.
Narrow klass base: 0x0000000000000000, Narrow klass shift: 0, Narrow klass range: 0x0

GC Precious Log:
<Empty>

Heap:
 garbage-first heap   total 0K, used 0K [0x0000000081e00000, 0x0000000100000000)
  region size 1024K, 0 young (0K), 0 survivors (0K)
 Metaspace       used 0K, committed 0K, reserved 0K
  class space    used 0K, committed 0K, reserved 0K

Heap Regions: E=young(eden), S=young(survivor), O=old, HS=humongous(starts), HC=humongous(continues), CS=collection set, F=free, OA=open archive, CA=closed archive, TAMS=top-at-mark-start (previous, next)

Card table byte_map: [0x000001d365030000,0x000001d365430000] _byte_map_base: 0x000001d364c21000

Marking Bits (Prev, Next): (CMBitMap*) 0x000001d3527a6e60, (CMBitMap*) 0x000001d3527a6ea0
 Prev Bits: [0x000001d365830000, 0x000001d3677b8000)
 Next Bits: [0x000001d3677c0000, 0x000001d369748000)

GC Heap History (0 events):
No events

Dll operation events (1 events):
Event: 0.024 Loaded shared library C:\Program Files\Android\Android Studio\jbr\bin\java.dll

Deoptimization events (0 events):
No events

Classes unloaded (0 events):
No events

Classes redefined (0 events):
No events

Internal exceptions (0 events):
No events

VM Operations (0 events):
No events

Events (0 events):
No events


Dynamic libraries:
0x00007ff616f30000 - 0x00007ff616f3a000 	C:\Program Files\Android\Android Studio\jbr\bin\java.EXE
0x00007ffe8c990000 - 0x00007ffe8cb88000 	C:\Windows\SYSTEM32\ntdll.dll
0x00007ffe8b6a0000 - 0x00007ffe8b761000 	C:\Windows\System32\KERNEL32.DLL
0x00007ffe8a4f0000 - 0x00007ffe8a7e6000 	C:\Windows\System32\KERNELBASE.dll
0x00007ffe8a890000 - 0x00007ffe8a990000 	C:\Windows\System32\ucrtbase.dll
0x00007ffe803f0000 - 0x00007ffe80407000 	C:\Program Files\Android\Android Studio\jbr\bin\jli.dll
0x00007ffe8b260000 - 0x00007ffe8b3ff000 	C:\Windows\System32\USER32.dll
0x00007ffe8a040000 - 0x00007ffe8a062000 	C:\Windows\System32\win32u.dll
0x00007ffe8b670000 - 0x00007ffe8b69b000 	C:\Windows\System32\GDI32.dll
0x00007ffe8a170000 - 0x00007ffe8a287000 	C:\Windows\System32\gdi32full.dll
0x00007ffe8a7f0000 - 0x00007ffe8a88d000 	C:\Windows\System32\msvcp_win.dll
0x00007ffe5dc10000 - 0x00007ffe5dc2b000 	C:\Program Files\Android\Android Studio\jbr\bin\VCRUNTIME140.dll
0x00007ffe73820000 - 0x00007ffe73aba000 	C:\Windows\WinSxS\amd64_microsoft.windows.common-controls_6595b64144ccf1df_6.0.19041.4355_none_60b8b9eb71f62e16\COMCTL32.dll
0x00007ffe8bd00000 - 0x00007ffe8bd9e000 	C:\Windows\System32\msvcrt.dll
0x00007ffe8c540000 - 0x00007ffe8c56f000 	C:\Windows\System32\IMM32.DLL
0x00007ffe83bb0000 - 0x00007ffe83bbc000 	C:\Program Files\Android\Android Studio\jbr\bin\vcruntime140_1.dll
0x00007ffe57ac0000 - 0x00007ffe57b4d000 	C:\Program Files\Android\Android Studio\jbr\bin\msvcp140.dll
0x00007ffe4d2f0000 - 0x00007ffe4df73000 	C:\Program Files\Android\Android Studio\jbr\bin\server\jvm.dll
0x00007ffe8c770000 - 0x00007ffe8c820000 	C:\Windows\System32\ADVAPI32.dll
0x00007ffe8bda0000 - 0x00007ffe8be40000 	C:\Windows\System32\sechost.dll
0x00007ffe8c820000 - 0x00007ffe8c943000 	C:\Windows\System32\RPCRT4.dll
0x00007ffe8a990000 - 0x00007ffe8a9b7000 	C:\Windows\System32\bcrypt.dll
0x00007ffe89e90000 - 0x00007ffe89edb000 	C:\Windows\SYSTEM32\POWRPROF.dll
0x00007ffe67ba0000 - 0x00007ffe67ba9000 	C:\Windows\SYSTEM32\WSOCK32.dll
0x00007ffe8c700000 - 0x00007ffe8c76b000 	C:\Windows\System32\WS2_32.dll
0x00007ffe71e90000 - 0x00007ffe71eb7000 	C:\Windows\SYSTEM32\WINMM.dll
0x00007ffe7ffa0000 - 0x00007ffe7ffaa000 	C:\Windows\SYSTEM32\VERSION.dll
0x00007ffe89e70000 - 0x00007ffe89e82000 	C:\Windows\SYSTEM32\UMPDC.dll
0x00007ffe887f0000 - 0x00007ffe88802000 	C:\Windows\SYSTEM32\kernel.appcore.dll
0x00007ffe837b0000 - 0x00007ffe837ba000 	C:\Program Files\Android\Android Studio\jbr\bin\jimage.dll
0x00007ffe83d30000 - 0x00007ffe83f14000 	C:\Windows\SYSTEM32\DBGHELP.DLL
0x00007ffe6fe80000 - 0x00007ffe6feb4000 	C:\Windows\SYSTEM32\dbgcore.DLL
0x00007ffe8a290000 - 0x00007ffe8a312000 	C:\Windows\System32\bcryptPrimitives.dll
0x00007ffe81100000 - 0x00007ffe81125000 	C:\Program Files\Android\Android Studio\jbr\bin\java.dll

dbghelp: loaded successfully - version: 4.0.5 - missing functions: none
symbol engine: initialized successfully - sym options: 0x614 - pdb path: .;C:\Program Files\Android\Android Studio\jbr\bin;C:\Windows\SYSTEM32;C:\Windows\WinSxS\amd64_microsoft.windows.common-controls_6595b64144ccf1df_6.0.19041.4355_none_60b8b9eb71f62e16;C:\Program Files\Android\Android Studio\jbr\bin\server

VM Arguments:
java_command: <unknown>
java_class_path (initial): <not set>
Launcher Type: SUN_STANDARD

[Global flags]
     intx CICompilerCount                          = 3                                         {product} {ergonomic}
     uint ConcGCThreads                            = 1                                         {product} {ergonomic}
     uint G1ConcRefinementThreads                  = 4                                         {product} {ergonomic}
   size_t G1HeapRegionSize                         = 1048576                                   {product} {ergonomic}
    uintx GCDrainStackTargetSize                   = 64                                        {product} {ergonomic}
   size_t InitialHeapSize                          = 134217728                                 {product} {ergonomic}
   size_t MarkStackSize                            = 4194304                                   {product} {ergonomic}
   size_t MaxHeapSize                              = 2116026368                                {product} {ergonomic}
   size_t MinHeapDeltaBytes                        = 1048576                                   {product} {ergonomic}
   size_t MinHeapSize                              = 8388608                                   {product} {ergonomic}
    uintx NonNMethodCodeHeapSize                   = 5832780                                {pd product} {ergonomic}
    uintx NonProfiledCodeHeapSize                  = 122912730                              {pd product} {ergonomic}
    uintx ProfiledCodeHeapSize                     = 122912730                              {pd product} {ergonomic}
    uintx ReservedCodeCacheSize                    = 251658240                              {pd product} {ergonomic}
     bool SegmentedCodeCache                       = true                                      {product} {ergonomic}
   size_t SoftMaxHeapSize                          = 2116026368                             {manageable} {ergonomic}
     bool UseCompressedClassPointers               = true                           {product lp64_product} {ergonomic}
     bool UseCompressedOops                        = true                           {product lp64_product} {ergonomic}
     bool UseG1GC                                  = true                                      {product} {ergonomic}
     bool UseLargePagesIndividualAllocation        = false                                  {pd product} {ergonomic}

Logging:
Log output configuration:
 #0: stdout all=warning uptime,level,tags
 #1: stderr all=off uptime,level,tags

Environment Variables:
PATH=C:\oraclexe\app\oracle\product\11.2.0\server\bin;C:\Program Files\Python312\Scripts\;C:\Program Files\Python312\;C:\Program Files (x86)\Common Files\Oracle\Java\javapath;C:\Windows\system32;C:\Windows;C:\Windows\System32\Wbem;C:\Windows\System32\WindowsPowerShell\v1.0\;C:\Windows\System32\OpenSSH\;C:\Program Files\Java\jre1.8.0_361\bin;C:\Program Files\nodejs\;C:\Program Files (x86)\Git\cmd;C:\Program Files\Go\bin\bin;C:\Program Files (x86)\Git\bin;C:\src\flutter\bin;C:\Users\Hp\AppData\Local\Android\Sdk\platform-tools;C:\ngrok;C:\Program Files\CMake\bin;C:\Users\Hp\AppData\Local\Programs\Python\Launcher\;C:\Users\Hp\AppData\Local\Microsoft\WindowsApps;C:\Users\Hp\AppData\Roaming\npm;C:\Users\Hp\AppData\Local\GitHubDesktop\bin;C:\Users\Hp\go\bin;C:\flutter\bin;C:\flutter\bin;C:\Users\Hp\AppData\Local\Android\Sdk;C:\Users\Hp\AppData\Local\Android\Sdk\platform-tools;C:\Users\Hp\AppData\Local\Programs\Microsoft VS Code\bin;C:\Program Files\CMake\bin;;C:\src\flutter\bin\mingit\cmd
USERNAME=Hp
OS=Windows_NT
PROCESSOR_IDENTIFIER=Intel64 Family 6 Model 142 Stepping 9, GenuineIntel
TMP=C:\Users\Hp\AppData\Local\Temp
TEMP=C:\Users\Hp\AppData\Local\Temp



Periodic native trim disabled

JNI global refs:
JNI global refs: 0, weak refs: 0

JNI global refs memory usage: 0, weak refs: 0

OOME stack traces (most recent first):
Classloader memory used:


---------------  S Y S T E M  ---------------

OS:
 Windows 10 , 64 bit Build 19041 (10.0.19041.4597)
OS uptime: 1 days 7:21 hours
Hyper-V role detected

CPU: total 4 (initial active 4) (2 cores per cpu, 2 threads per core) family 6 model 142 stepping 9 microcode 0xb4, cx8, cmov, fxsr, ht, mmx, 3dnowpref, sse, sse2, sse3, ssse3, sse4.1, sse4.2, popcnt, lzcnt, tsc, tscinvbit, avx, avx2, aes, erms, clmul, bmi1, bmi2, rtm, adx, fma, vzeroupper, clflush, clflushopt, hv
Processor Information for all 4 processors :
  Max Mhz: 2712, Current Mhz: 2611, Mhz Limit: 2603

Memory: 4k page, system-wide physical 8071M (173M free)
TotalPageFile size 20871M (AvailPageFile size 93M)
current process WorkingSet (physical memory assigned to process): 10M, peak: 10M
current process commit charge ("private bytes"): 51M, peak: 179M

vm_info: OpenJDK 64-Bit Server VM (17.0.10+0--11609105) for windows-amd64 JRE (17.0.10+0--11609105), built on Mar 21 2024 19:10:56 by "androidbuild" with MS VC++ 16.10 / 16.11 (VS2019)

END.
